batch_size=32

Train Epoch: 1 [0/463] Loss: 0.690718
Train Epoch: 1 [320/463] Loss: 0.620671
Training set: Average loss: 0.6613, Accuracy: 282/463 (61%)

Validation set: Average loss: 0.5773, Accuracy: 93/134 (69%)

Train Epoch: 2 [0/463] Loss: 0.610535
Train Epoch: 2 [320/463] Loss: 0.559595
Training set: Average loss: 0.5646, Accuracy: 331/463 (71%)

Validation set: Average loss: 0.4017, Accuracy: 107/134 (80%)

Train Epoch: 3 [0/463] Loss: 0.536327
Train Epoch: 3 [320/463] Loss: 0.449164
Training set: Average loss: 0.4347, Accuracy: 382/463 (83%)

Validation set: Average loss: 0.3512, Accuracy: 113/134 (84%)

Train Epoch: 4 [0/463] Loss: 0.334329
Train Epoch: 4 [320/463] Loss: 0.332137
Training set: Average loss: 0.4227, Accuracy: 376/463 (81%)

Validation set: Average loss: 0.4671, Accuracy: 105/134 (78%)

Train Epoch: 5 [0/463] Loss: 0.414467
Train Epoch: 5 [320/463] Loss: 0.344879
Training set: Average loss: 0.4369, Accuracy: 373/463 (81%)

Validation set: Average loss: 0.2931, Accuracy: 114/134 (85%)

Train Epoch: 6 [0/463] Loss: 0.391351
Train Epoch: 6 [320/463] Loss: 0.220248
Training set: Average loss: 0.3512, Accuracy: 400/463 (86%)

Validation set: Average loss: 0.3466, Accuracy: 114/134 (85%)

Train Epoch: 7 [0/463] Loss: 0.407447
Train Epoch: 7 [320/463] Loss: 0.315712
Training set: Average loss: 0.3721, Accuracy: 390/463 (84%)

Validation set: Average loss: 0.2949, Accuracy: 115/134 (86%)

Train Epoch: 8 [0/463] Loss: 0.425307
Train Epoch: 8 [320/463] Loss: 0.402952
Training set: Average loss: 0.3269, Accuracy: 402/463 (87%)

Validation set: Average loss: 0.3073, Accuracy: 112/134 (84%)

Train Epoch: 9 [0/463] Loss: 0.219387
Train Epoch: 9 [320/463] Loss: 0.354030
Training set: Average loss: 0.3084, Accuracy: 407/463 (88%)

Validation set: Average loss: 0.2633, Accuracy: 121/134 (90%)

Train Epoch: 10 [0/463] Loss: 0.192270
Train Epoch: 10 [320/463] Loss: 0.359922
Training set: Average loss: 0.3222, Accuracy: 401/463 (87%)

Validation set: Average loss: 0.3097, Accuracy: 116/134 (87%)

+-----------------------------+-----------------------+----------------------+----------------------+-----------------------+----------------------+----------------------+----------------------+----------------------+----------------------+---------------------+
|             Step            |        Epoch 1        |       Epoch 2        |       Epoch 3        |        Epoch 4        |       Epoch 5        |       Epoch 6        |       Epoch 7        |       Epoch 8        |       Epoch 9        |       Epoch 10      |
+-----------------------------+-----------------------+----------------------+----------------------+-----------------------+----------------------+----------------------+----------------------+----------------------+----------------------+---------------------+
|   Train Data Loading Time   |  0.06086301803588867  | 0.04327082633972168  | 0.043465375900268555 |  0.043967485427856445 | 0.04383683204650879  | 0.04384756088256836  | 0.044115304946899414 | 0.04311394691467285  | 0.04228997230529785  | 0.04304766654968262 |
| Push Train Data to GPU Time |   8.531161785125732   |  1.8272063732147217  |  1.848029613494873   |   1.837641954421997   |  1.912917137145996   |  1.846400260925293   |  1.851008653640747   |  1.8161218166351318  |  1.8348231315612793  |  1.8554439544677734 |
|        Training Time        |   3.105287790298462   |  2.987272262573242   |  2.9994051456451416  |   2.961763858795166   |  3.0430757999420166  |  3.002371311187744   |  3.027660846710205   |   2.99987530708313   |  3.044534206390381   |  3.027174234390259  |
|       Total Train Time      |   37.097599506378174  |  9.845277786254883   |  10.705057382583618  |   10.835246562957764  |  10.126993894577026  |  10.443162679672241  |  10.678306341171265  |  10.134217739105225  |  10.001079320907593  |  10.074212312698364 |
|    Test Data Loading Time   |  0.030029773712158203 | 0.02164292335510254  |  0.0336458683013916  |  0.032381296157836914 | 0.024746179580688477 | 0.037464141845703125 | 0.037682294845581055 | 0.03146076202392578  |  0.0327303409576416  |  0.0295865535736084 |
|  Push Test Data to GPU Time |   0.7197461128234863  |  0.5199973583221436  |  0.5360336303710938  |   0.5359671115875244  |  0.6011512279510498  |  0.5670080184936523  |  0.5743587017059326  |  0.5574054718017578  |  0.5717124938964844  |  0.4928421974182129 |
|         Testing Time        | 0.0018968582153320312 | 0.012201547622680664 | 0.01201772689819336  | 0.0069811344146728516 | 0.004487514495849609 | 0.008521556854248047 | 0.007016181945800781 | 0.008465766906738281 | 0.006563663482666016 | 0.01941847801208496 |
|       Total Test Time       |   10.52306056022644   |  4.937462568283081   |  4.966763019561768   |   4.980677843093872   |  5.061842203140259   |  4.997127294540405   |  4.977595329284668   |  5.046955585479736   |  5.077951431274414   |   5.51436710357666  |
+-----------------------------+-----------------------+----------------------+----------------------+-----------------------+----------------------+----------------------+----------------------+----------------------+----------------------+---------------------+

Every 0.5s: nvidia-smi                                                                Thu Jul  4 10:18:59 2024

Thu Jul  4 10:19:00 2024
+-----------------------------------------------------------------------------+
| NVIDIA-SMI 440.118.02   Driver Version: 440.118.02   CUDA Version: 10.2     |
|-------------------------------+----------------------+----------------------+
| GPU  Name        Persistence-M| Bus-Id        Disp.A | Volatile Uncorr. ECC |
| Fan  Temp  Perf  Pwr:Usage/Cap|         Memory-Usage | GPU-Util  Compute M. |
|===============================+======================+======================|
|   0  GeForce GTX 108...  On   | 00000000:05:00.0 Off |                  N/A |
| 24%   50C    P2   153W / 150W |   4337MiB / 11175MiB |     88%      Default |
+-------------------------------+----------------------+----------------------+
|   1  GeForce GTX 108...  On   | 00000000:06:00.0 Off |                  N/A |
| 25%   52C    P2   105W / 150W |   3189MiB / 11178MiB |     90%      Default |
+-------------------------------+----------------------+----------------------+
|   2  GeForce GTX 108...  On   | 00000000:09:00.0 Off |                  N/A |
| 24%   50C    P2    77W / 150W |   3165MiB / 11178MiB |     91%      Default |
+-------------------------------+----------------------+----------------------+
|   3  GeForce GTX 108...  On   | 00000000:0A:00.0 Off |                  N/A |
| 23%   49C    P2    69W / 150W |   5462MiB / 11178MiB |     91%      Default |
+-------------------------------+----------------------+----------------------+

+-----------------------------------------------------------------------------+
| Processes:                                                       GPU Memory |
|  GPU       PID   Type   Process name                             Usage      |
|=============================================================================|
|    0      2836      G   /usr/lib/xorg/Xorg                            87MiB |
|    0     28704      C   python3                                     4237MiB |
|    1     28704      C   python3                                     3177MiB |
|    2     28704      C   python3                                     3153MiB |
|    3     25525      C   .../dongaoma/miniconda3/envs/MG/bin/python  2297MiB |
|    3     28704      C   python3                                     3153MiB |
+-----------------------------------------------------------------------------+