batch_size=32

Train Epoch: 1 [0/463] Loss: 0.667688
Train Epoch: 1 [320/463] Loss: 0.573026
Training set: Average loss: 0.6476, Accuracy: 280/463 (60%)

Validation set: Average loss: 0.5619, Accuracy: 93/134 (69%)

Train Epoch: 2 [0/463] Loss: 0.582140
Train Epoch: 2 [320/463] Loss: 0.693419
Training set: Average loss: 0.5833, Accuracy: 331/463 (71%)

Validation set: Average loss: 0.4689, Accuracy: 100/134 (75%)

Train Epoch: 3 [0/463] Loss: 0.474716
Train Epoch: 3 [320/463] Loss: 0.337710
Training set: Average loss: 0.5179, Accuracy: 352/463 (76%)

Validation set: Average loss: 0.4279, Accuracy: 104/134 (78%)

Train Epoch: 4 [0/463] Loss: 0.521562
Train Epoch: 4 [320/463] Loss: 0.509336
Training set: Average loss: 0.4589, Accuracy: 368/463 (79%)

Validation set: Average loss: 0.4187, Accuracy: 107/134 (80%)

Train Epoch: 5 [0/463] Loss: 0.521838
Train Epoch: 5 [320/463] Loss: 0.450217
Training set: Average loss: 0.4525, Accuracy: 372/463 (80%)

Validation set: Average loss: 0.3531, Accuracy: 108/134 (81%)

Train Epoch: 6 [0/463] Loss: 0.451150
Train Epoch: 6 [320/463] Loss: 0.375814
Training set: Average loss: 0.4010, Accuracy: 382/463 (83%)

Validation set: Average loss: 0.4725, Accuracy: 104/134 (78%)

Train Epoch: 7 [0/463] Loss: 0.456491
Train Epoch: 7 [320/463] Loss: 0.418417
Training set: Average loss: 0.4181, Accuracy: 381/463 (82%)

Validation set: Average loss: 0.3301, Accuracy: 116/134 (87%)

Train Epoch: 8 [0/463] Loss: 0.478398
Train Epoch: 8 [320/463] Loss: 0.523291
Training set: Average loss: 0.3808, Accuracy: 393/463 (85%)

Validation set: Average loss: 0.3699, Accuracy: 113/134 (84%)

Train Epoch: 9 [0/463] Loss: 0.293874
Train Epoch: 9 [320/463] Loss: 0.326467
Training set: Average loss: 0.3792, Accuracy: 393/463 (85%)

Validation set: Average loss: 0.3377, Accuracy: 115/134 (86%)

Train Epoch: 10 [0/463] Loss: 0.370703
Train Epoch: 10 [320/463] Loss: 0.226021
Training set: Average loss: 0.3779, Accuracy: 387/463 (84%)

Validation set: Average loss: 0.3992, Accuracy: 108/134 (81%)

+-----------------------------+----------------------+---------------------+----------------------+----------------------+----------------------+----------------------+----------------------+----------------------+----------------------+----------------------+
|             Step            |       Epoch 1        |       Epoch 2       |       Epoch 3        |       Epoch 4        |       Epoch 5        |       Epoch 6        |       Epoch 7        |       Epoch 8        |       Epoch 9        |       Epoch 10       |
+-----------------------------+----------------------+---------------------+----------------------+----------------------+----------------------+----------------------+----------------------+----------------------+----------------------+----------------------+
|   Train Data Loading Time   | 0.04429483413696289  | 0.04350590705871582 | 0.044290781021118164 | 0.043235063552856445 | 0.04391765594482422  | 0.044138431549072266 | 0.044548749923706055 | 0.044532060623168945 |  0.043853759765625   | 0.047252655029296875 |
| Push Train Data to GPU Time |  0.7058749198913574  | 0.47797536849975586 | 0.48035573959350586  |  0.4738187789916992  |  0.4882071018218994  | 0.46918463706970215  |  0.4654526710510254  |  0.4547135829925537  |  0.4674546718597412  | 0.48781394958496094  |
|        Training Time        |  10.388203620910645  |  10.493836641311646 |  10.54055666923523   |  10.499149322509766  |  10.540956258773804  |  10.550742864608765  |  10.555695295333862  |  10.601360321044922  |  10.600410223007202  |  10.60884141921997   |
|       Total Train Time      |  16.929836988449097  |  15.753775358200073 |  15.890058994293213  |  15.688218593597412  |  15.546878337860107  |  15.819061279296875  |  15.678420305252075  |  17.239181518554688  |  17.16164469718933   |  15.934765100479126  |
|    Test Data Loading Time   | 0.024998188018798828 | 0.02329874038696289 | 0.022795915603637695 | 0.019832372665405273 | 0.019713640213012695 | 0.019733190536499023 | 0.023192644119262695 | 0.023814678192138672 | 0.021246671676635742 | 0.020047664642333984 |
|  Push Test Data to GPU Time | 0.10837435722351074  | 0.10877323150634766 |  0.1126718521118164  | 0.10655355453491211  | 0.10603833198547363  | 0.10590744018554688  | 0.10848402976989746  | 0.10846590995788574  |  0.1053311824798584  | 0.10324311256408691  |
|         Testing Time        |  1.0115725994110107  |  1.0219390392303467 |  1.0104153156280518  |  1.021294355392456   |  1.0241074562072754  |  1.0272059440612793  |  1.0280158519744873  |  1.025984525680542   |  1.0340487957000732  |  1.0280733108520508  |
|       Total Test Time       |  5.146813869476318   |  5.162789821624756  |  5.150919437408447   |  5.2024476528167725  |  5.2223992347717285  |  5.343470573425293   |  5.206003665924072   |  5.214431047439575   |  5.234502553939819   |  6.396036863327026   |
+-----------------------------+----------------------+---------------------+----------------------+----------------------+----------------------+----------------------+----------------------+----------------------+----------------------+----------------------+

Every 0.5s: nvidia-smi                                                                Thu Jul  4 10:18:59 2024

Thu Jul  4 10:19:00 2024
+-----------------------------------------------------------------------------+
| NVIDIA-SMI 440.118.02   Driver Version: 440.118.02   CUDA Version: 10.2     |
|-------------------------------+----------------------+----------------------+
| GPU  Name        Persistence-M| Bus-Id        Disp.A | Volatile Uncorr. ECC |
| Fan  Temp  Perf  Pwr:Usage/Cap|         Memory-Usage | GPU-Util  Compute M. |
|===============================+======================+======================|
|   0  GeForce GTX 108...  On   | 00000000:05:00.0 Off |                  N/A |
| 24%   50C    P2   153W / 150W |   4337MiB / 11175MiB |     88%      Default |
+-------------------------------+----------------------+----------------------+
|   1  GeForce GTX 108...  On   | 00000000:06:00.0 Off |                  N/A |
| 25%   52C    P2   105W / 150W |   3189MiB / 11178MiB |     90%      Default |
+-------------------------------+----------------------+----------------------+
|   2  GeForce GTX 108...  On   | 00000000:09:00.0 Off |                  N/A |
| 24%   50C    P2    77W / 150W |   3165MiB / 11178MiB |     91%      Default |
+-------------------------------+----------------------+----------------------+
|   3  GeForce GTX 108...  On   | 00000000:0A:00.0 Off |                  N/A |
| 23%   49C    P2    69W / 150W |   5462MiB / 11178MiB |     91%      Default |
+-------------------------------+----------------------+----------------------+

+-----------------------------------------------------------------------------+
| Processes:                                                       GPU Memory |
|  GPU       PID   Type   Process name                             Usage      |
|=============================================================================|
|    0      2836      G   /usr/lib/xorg/Xorg                            87MiB |
|    0     28704      C   python3                                     4237MiB |
|    1     28704      C   python3                                     3177MiB |
|    2     28704      C   python3                                     3153MiB |
|    3     25525      C   .../dongaoma/miniconda3/envs/MG/bin/python  2297MiB |
|    3     28704      C   python3                                     3153MiB |
+-----------------------------------------------------------------------------+